Started GET "/" for ::1 at 2019-05-05 13:42:00 +1000
  
PG::ConnectionBad (fe_sendauth: no password supplied
):
  
pg (1.1.4) lib/pg.rb:56:in `initialize'
pg (1.1.4) lib/pg.rb:56:in `new'
pg (1.1.4) lib/pg.rb:56:in `connect'
activerecord (5.2.3) lib/active_record/connection_adapters/postgresql_adapter.rb:692:in `connect'
activerecord (5.2.3) lib/active_record/connection_adapters/postgresql_adapter.rb:223:in `initialize'
activerecord (5.2.3) lib/active_record/connection_adapters/postgresql_adapter.rb:48:in `new'
activerecord (5.2.3) lib/active_record/connection_adapters/postgresql_adapter.rb:48:in `postgresql_connection'
activerecord (5.2.3) lib/active_record/connection_adapters/abstract/connection_pool.rb:811:in `new_connection'
activerecord (5.2.3) lib/active_record/connection_adapters/abstract/connection_pool.rb:855:in `checkout_new_connection'
activerecord (5.2.3) lib/active_record/connection_adapters/abstract/connection_pool.rb:834:in `try_to_checkout_new_connection'
activerecord (5.2.3) lib/active_record/connection_adapters/abstract/connection_pool.rb:795:in `acquire_connection'
activerecord (5.2.3) lib/active_record/connection_adapters/abstract/connection_pool.rb:523:in `checkout'
activerecord (5.2.3) lib/active_record/connection_adapters/abstract/connection_pool.rb:382:in `connection'
activerecord (5.2.3) lib/active_record/connection_adapters/abstract/connection_pool.rb:1014:in `retrieve_connection'
activerecord (5.2.3) lib/active_record/connection_handling.rb:118:in `retrieve_connection'
activerecord (5.2.3) lib/active_record/connection_handling.rb:90:in `connection'
activerecord (5.2.3) lib/active_record/migration.rb:554:in `call'
actionpack (5.2.3) lib/action_dispatch/middleware/callbacks.rb:28:in `block in call'
activesupport (5.2.3) lib/active_support/callbacks.rb:98:in `run_callbacks'
actionpack (5.2.3) lib/action_dispatch/middleware/callbacks.rb:26:in `call'
actionpack (5.2.3) lib/action_dispatch/middleware/executor.rb:14:in `call'
actionpack (5.2.3) lib/action_dispatch/middleware/debug_exceptions.rb:61:in `call'
web-console (3.7.0) lib/web_console/middleware.rb:135:in `call_app'
web-console (3.7.0) lib/web_console/middleware.rb:30:in `block in call'
web-console (3.7.0) lib/web_console/middleware.rb:20:in `catch'
web-console (3.7.0) lib/web_console/middleware.rb:20:in `call'
actionpack (5.2.3) lib/action_dispatch/middleware/show_exceptions.rb:33:in `call'
railties (5.2.3) lib/rails/rack/logger.rb:38:in `call_app'
railties (5.2.3) lib/rails/rack/logger.rb:26:in `block in call'
activesupport (5.2.3) lib/active_support/tagged_logging.rb:71:in `block in tagged'
activesupport (5.2.3) lib/active_support/tagged_logging.rb:28:in `tagged'
activesupport (5.2.3) lib/active_support/tagged_logging.rb:71:in `tagged'
railties (5.2.3) lib/rails/rack/logger.rb:26:in `call'
sprockets-rails (3.2.1) lib/sprockets/rails/quiet_assets.rb:13:in `call'
actionpack (5.2.3) lib/action_dispatch/middleware/remote_ip.rb:81:in `call'
actionpack (5.2.3) lib/action_dispatch/middleware/request_id.rb:27:in `call'
rack (2.0.7) lib/rack/method_override.rb:22:in `call'
rack (2.0.7) lib/rack/runtime.rb:22:in `call'
activesupport (5.2.3) lib/active_support/cache/strategy/local_cache_middleware.rb:29:in `call'
actionpack (5.2.3) lib/action_dispatch/middleware/executor.rb:14:in `call'
actionpack (5.2.3) lib/action_dispatch/middleware/static.rb:127:in `call'
rack (2.0.7) lib/rack/sendfile.rb:111:in `call'
railties (5.2.3) lib/rails/engine.rb:524:in `call'
puma (3.12.1) lib/puma/configuration.rb:227:in `call'
puma (3.12.1) lib/puma/server.rb:660:in `handle_request'
puma (3.12.1) lib/puma/server.rb:474:in `process_client'
puma (3.12.1) lib/puma/server.rb:334:in `block in run'
puma (3.12.1) lib/puma/thread_pool.rb:135:in `block in spawn_thread'
Started GET "/" for ::1 at 2019-05-05 13:44:03 +1000
Processing by Rails::WelcomeController#index as HTML
  Rendering /usr/local/lib/ruby/gems/2.6.0/gems/railties-5.2.3/lib/rails/templates/rails/welcome/index.html.erb
  Rendered /usr/local/lib/ruby/gems/2.6.0/gems/railties-5.2.3/lib/rails/templates/rails/welcome/index.html.erb (2.0ms)
Completed 200 OK in 11ms (Views: 3.6ms | ActiveRecord: 0.0ms)


  [1m[35m (0.9ms)[0m  [1m[35mCREATE DATABASE "marketplace_development" ENCODING = 'unicode'[0m
  ↳ /usr/local/Cellar/ruby/2.6.2/lib/ruby/gems/2.6.0/gems/rake-12.3.2/lib/rake/task.rb:273
  [1m[35m (0.6ms)[0m  [1m[35mCREATE DATABASE "marketplace_test" ENCODING = 'unicode'[0m
  ↳ /usr/local/Cellar/ruby/2.6.2/lib/ruby/gems/2.6.0/gems/rake-12.3.2/lib/rake/task.rb:273
  [1m[35m (0.8ms)[0m  [1m[35mCREATE DATABASE "marketplace_development" ENCODING = 'unicode'[0m
  ↳ /usr/local/Cellar/ruby/2.6.2/lib/ruby/gems/2.6.0/gems/rake-12.3.2/lib/rake/task.rb:273
  [1m[35m (410.7ms)[0m  [1m[35mCREATE DATABASE "rubyproject_test" ENCODING = 'unicode'[0m
  ↳ /usr/local/Cellar/ruby/2.6.2/lib/ruby/gems/2.6.0/gems/rake-12.3.2/lib/rake/task.rb:273
  [1m[35m (417.6ms)[0m  [1m[35mCREATE DATABASE "rubyproject_development" ENCODING = 'unicode'[0m
  ↳ /usr/local/Cellar/ruby/2.6.2/lib/ruby/gems/2.6.0/gems/rake-12.3.2/lib/rake/task.rb:273
  [1m[35m (0.8ms)[0m  [1m[35mCREATE DATABASE "rubyproject_test" ENCODING = 'unicode'[0m
  ↳ /usr/local/Cellar/ruby/2.6.2/lib/ruby/gems/2.6.0/gems/rake-12.3.2/lib/rake/task.rb:273
Started GET "/" for ::1 at 2019-05-05 13:52:16 +1000
Processing by Rails::WelcomeController#index as HTML
  Rendering /usr/local/lib/ruby/gems/2.6.0/gems/railties-5.2.3/lib/rails/templates/rails/welcome/index.html.erb
  Rendered /usr/local/lib/ruby/gems/2.6.0/gems/railties-5.2.3/lib/rails/templates/rails/welcome/index.html.erb (2.2ms)
Completed 200 OK in 5ms (Views: 3.1ms | ActiveRecord: 0.0ms)


Started GET "/" for ::1 at 2019-05-05 13:54:21 +1000
  
ActiveRecord::PendingMigrationError (

Migrations are pending. To resolve this issue, run:

        bin/rails db:migrate RAILS_ENV=development

):
  
activerecord (5.2.3) lib/active_record/migration.rb:579:in `check_pending!'
activerecord (5.2.3) lib/active_record/migration.rb:556:in `call'
actionpack (5.2.3) lib/action_dispatch/middleware/callbacks.rb:28:in `block in call'
activesupport (5.2.3) lib/active_support/callbacks.rb:98:in `run_callbacks'
actionpack (5.2.3) lib/action_dispatch/middleware/callbacks.rb:26:in `call'
actionpack (5.2.3) lib/action_dispatch/middleware/executor.rb:14:in `call'
actionpack (5.2.3) lib/action_dispatch/middleware/debug_exceptions.rb:61:in `call'
web-console (3.7.0) lib/web_console/middleware.rb:135:in `call_app'
web-console (3.7.0) lib/web_console/middleware.rb:30:in `block in call'
web-console (3.7.0) lib/web_console/middleware.rb:20:in `catch'
web-console (3.7.0) lib/web_console/middleware.rb:20:in `call'
actionpack (5.2.3) lib/action_dispatch/middleware/show_exceptions.rb:33:in `call'
railties (5.2.3) lib/rails/rack/logger.rb:38:in `call_app'
railties (5.2.3) lib/rails/rack/logger.rb:26:in `block in call'
activesupport (5.2.3) lib/active_support/tagged_logging.rb:71:in `block in tagged'
activesupport (5.2.3) lib/active_support/tagged_logging.rb:28:in `tagged'
activesupport (5.2.3) lib/active_support/tagged_logging.rb:71:in `tagged'
railties (5.2.3) lib/rails/rack/logger.rb:26:in `call'
sprockets-rails (3.2.1) lib/sprockets/rails/quiet_assets.rb:13:in `call'
actionpack (5.2.3) lib/action_dispatch/middleware/remote_ip.rb:81:in `call'
actionpack (5.2.3) lib/action_dispatch/middleware/request_id.rb:27:in `call'
rack (2.0.7) lib/rack/method_override.rb:22:in `call'
rack (2.0.7) lib/rack/runtime.rb:22:in `call'
activesupport (5.2.3) lib/active_support/cache/strategy/local_cache_middleware.rb:29:in `call'
actionpack (5.2.3) lib/action_dispatch/middleware/executor.rb:14:in `call'
actionpack (5.2.3) lib/action_dispatch/middleware/static.rb:127:in `call'
rack (2.0.7) lib/rack/sendfile.rb:111:in `call'
railties (5.2.3) lib/rails/engine.rb:524:in `call'
puma (3.12.1) lib/puma/configuration.rb:227:in `call'
puma (3.12.1) lib/puma/server.rb:660:in `handle_request'
puma (3.12.1) lib/puma/server.rb:474:in `process_client'
puma (3.12.1) lib/puma/server.rb:334:in `block in run'
puma (3.12.1) lib/puma/thread_pool.rb:135:in `block in spawn_thread'
  [1m[35m (10.4ms)[0m  [1m[35mCREATE TABLE "schema_migrations" ("version" character varying NOT NULL PRIMARY KEY)[0m
  ↳ /usr/local/Cellar/ruby/2.6.2/lib/ruby/gems/2.6.0/gems/rake-12.3.2/lib/rake/task.rb:273
  [1m[35m (45.6ms)[0m  [1m[35mCREATE TABLE "ar_internal_metadata" ("key" character varying NOT NULL PRIMARY KEY, "value" character varying, "created_at" timestamp NOT NULL, "updated_at" timestamp NOT NULL)[0m
  ↳ /usr/local/Cellar/ruby/2.6.2/lib/ruby/gems/2.6.0/gems/rake-12.3.2/lib/rake/task.rb:273
  [1m[35m (0.4ms)[0m  [1m[34mSELECT pg_try_advisory_lock(3144585560278134210)[0m
  ↳ /usr/local/Cellar/ruby/2.6.2/lib/ruby/gems/2.6.0/gems/rake-12.3.2/lib/rake/task.rb:273
  [1m[35m (0.5ms)[0m  [1m[34mSELECT "schema_migrations"."version" FROM "schema_migrations" ORDER BY "schema_migrations"."version" ASC[0m
  ↳ /usr/local/Cellar/ruby/2.6.2/lib/ruby/gems/2.6.0/gems/rake-12.3.2/lib/rake/task.rb:273
Migrating to CreateListings (20190505035238)
  [1m[35m (0.2ms)[0m  [1m[35mBEGIN[0m
  ↳ /usr/local/Cellar/ruby/2.6.2/lib/ruby/gems/2.6.0/gems/rake-12.3.2/lib/rake/task.rb:273
  [1m[35m (46.4ms)[0m  [1m[35mCREATE TABLE "listings" ("id" bigserial primary key, "name" character varying, "description" text, "price" decimal, "created_at" timestamp NOT NULL, "updated_at" timestamp NOT NULL)[0m
  ↳ db/migrate/20190505035238_create_listings.rb:3
  [1m[36mActiveRecord::SchemaMigration Create (0.6ms)[0m  [1m[32mINSERT INTO "schema_migrations" ("version") VALUES ($1) RETURNING "version"[0m  [["version", "20190505035238"]]
  ↳ /usr/local/Cellar/ruby/2.6.2/lib/ruby/gems/2.6.0/gems/rake-12.3.2/lib/rake/task.rb:273
  [1m[35m (0.5ms)[0m  [1m[35mCOMMIT[0m
  ↳ /usr/local/Cellar/ruby/2.6.2/lib/ruby/gems/2.6.0/gems/rake-12.3.2/lib/rake/task.rb:273
  [1m[36mActiveRecord::InternalMetadata Load (0.4ms)[0m  [1m[34mSELECT  "ar_internal_metadata".* FROM "ar_internal_metadata" WHERE "ar_internal_metadata"."key" = $1 LIMIT $2[0m  [["key", "environment"], ["LIMIT", 1]]
  ↳ /usr/local/Cellar/ruby/2.6.2/lib/ruby/gems/2.6.0/gems/rake-12.3.2/lib/rake/task.rb:273
  [1m[35m (0.2ms)[0m  [1m[35mBEGIN[0m
  ↳ /usr/local/Cellar/ruby/2.6.2/lib/ruby/gems/2.6.0/gems/rake-12.3.2/lib/rake/task.rb:273
  [1m[36mActiveRecord::InternalMetadata Create (0.7ms)[0m  [1m[32mINSERT INTO "ar_internal_metadata" ("key", "value", "created_at", "updated_at") VALUES ($1, $2, $3, $4) RETURNING "key"[0m  [["key", "environment"], ["value", "development"], ["created_at", "2019-05-05 03:54:40.142517"], ["updated_at", "2019-05-05 03:54:40.142517"]]
  ↳ /usr/local/Cellar/ruby/2.6.2/lib/ruby/gems/2.6.0/gems/rake-12.3.2/lib/rake/task.rb:273
  [1m[35m (40.9ms)[0m  [1m[35mCOMMIT[0m
  ↳ /usr/local/Cellar/ruby/2.6.2/lib/ruby/gems/2.6.0/gems/rake-12.3.2/lib/rake/task.rb:273
  [1m[35m (0.4ms)[0m  [1m[34mSELECT pg_advisory_unlock(3144585560278134210)[0m
  ↳ /usr/local/Cellar/ruby/2.6.2/lib/ruby/gems/2.6.0/gems/rake-12.3.2/lib/rake/task.rb:273
  [1m[35m (0.3ms)[0m  [1m[34mSELECT "schema_migrations"."version" FROM "schema_migrations" ORDER BY "schema_migrations"."version" ASC[0m
  ↳ /usr/local/Cellar/ruby/2.6.2/lib/ruby/gems/2.6.0/gems/rake-12.3.2/lib/rake/task.rb:273
Started GET "/" for ::1 at 2019-05-05 13:54:58 +1000
  [1m[35m (0.5ms)[0m  [1m[34mSELECT "schema_migrations"."version" FROM "schema_migrations" ORDER BY "schema_migrations"."version" ASC[0m
  ↳ /usr/local/lib/ruby/gems/2.6.0/gems/activerecord-5.2.3/lib/active_record/log_subscriber.rb:98
Processing by Rails::WelcomeController#index as HTML
  Rendering /usr/local/lib/ruby/gems/2.6.0/gems/railties-5.2.3/lib/rails/templates/rails/welcome/index.html.erb
  Rendered /usr/local/lib/ruby/gems/2.6.0/gems/railties-5.2.3/lib/rails/templates/rails/welcome/index.html.erb (2.6ms)
Completed 200 OK in 12ms (Views: 4.0ms | ActiveRecord: 0.0ms)


  [1m[35m (0.3ms)[0m  [1m[35mBEGIN[0m
  [1m[36mListing Create (1.0ms)[0m  [1m[32mINSERT INTO "listings" ("name", "created_at", "updated_at") VALUES ($1, $2, $3) RETURNING "id"[0m  [["name", "Dog 1"], ["created_at", "2019-05-05 03:56:19.710482"], ["updated_at", "2019-05-05 03:56:19.710482"]]
  [1m[35m (5.1ms)[0m  [1m[35mCOMMIT[0m
  [1m[36mListing Load (0.4ms)[0m  [1m[34mSELECT  "listings".* FROM "listings" LIMIT $1[0m  [["LIMIT", 11]]
